Logfile initialized
[INFO] logfile = /Users/AK/Documents/Titanium Studio Workspace/UCSanDiego/build.log
[DEBUG] /Library/Application Support/Titanium/mobilesdk/osx/1.7.1/android/builder.py distribute UCSanDiego /Users/AK/Documents/android-sdk-mac_x86 /Users/AK/Documents/Titanium Studio Workspace/UCSanDiego edu.ucsd.ucsandiego /Users/AK/.keystore ilumn8t! mykey /Users/AK/Desktop/thisisit 5
[INFO] Titanium SDK version: 1.7.1 (06/21/11 14:28 1293a6d)
[INFO] Copying project resources..
[TRACE] Generating Java Classes
[DEBUG] Processing Android resource drawables
[TRACE] COPYING FILE: /Users/AK/Documents/Titanium Studio Workspace/UCSanDiego/Resources/android/images/res-hdpi/appicon.png => /Users/AK/Documents/Titanium Studio Workspace/UCSanDiego/build/android/res/drawable-hdpi/appicon_e5fbaffc57.png
[TRACE] COPYING FILE: /Users/AK/Documents/Titanium Studio Workspace/UCSanDiego/Resources/android/images/res-ldpi/appicon.png => /Users/AK/Documents/Titanium Studio Workspace/UCSanDiego/build/android/res/drawable-ldpi/appicon_e5fbaffc57.png
[TRACE] COPYING FILE: /Users/AK/Documents/Titanium Studio Workspace/UCSanDiego/Resources/android/images/res-mdpi/appicon.png => /Users/AK/Documents/Titanium Studio Workspace/UCSanDiego/build/android/res/drawable-mdpi/appicon_e5fbaffc57.png
[DEBUG] copying app icon: /Users/AK/Documents/Titanium Studio Workspace/UCSanDiego/build/android/bin/assets/Resources/appicon.png
[DEBUG] generating theme.xml
[DEBUG] found drawable-long-land-hdpi splash screen at /Users/AK/Documents/Titanium Studio Workspace/UCSanDiego/Resources/android/images/res-long-land-hdpi/default.png
[DEBUG] copying /Users/AK/Documents/Titanium Studio Workspace/UCSanDiego/Resources/android/images/res-long-land-hdpi/default.png splash screen to /Users/AK/Documents/Titanium Studio Workspace/UCSanDiego/build/android/res/drawable-long-land-hdpi/background.png
[DEBUG] found drawable-long-land-ldpi splash screen at /Users/AK/Documents/Titanium Studio Workspace/UCSanDiego/Resources/android/images/res-long-land-ldpi/default.png
[DEBUG] copying /Users/AK/Documents/Titanium Studio Workspace/UCSanDiego/Resources/android/images/res-long-land-ldpi/default.png splash screen to /Users/AK/Documents/Titanium Studio Workspace/UCSanDiego/build/android/res/drawable-long-land-ldpi/background.png
[DEBUG] found drawable-long-port-hdpi splash screen at /Users/AK/Documents/Titanium Studio Workspace/UCSanDiego/Resources/android/images/res-long-port-hdpi/default.png
[DEBUG] copying /Users/AK/Documents/Titanium Studio Workspace/UCSanDiego/Resources/android/images/res-long-port-hdpi/default.png splash screen to /Users/AK/Documents/Titanium Studio Workspace/UCSanDiego/build/android/res/drawable-long-port-hdpi/background.png
[DEBUG] found drawable-long-port-ldpi splash screen at /Users/AK/Documents/Titanium Studio Workspace/UCSanDiego/Resources/android/images/res-long-port-ldpi/default.png
[DEBUG] copying /Users/AK/Documents/Titanium Studio Workspace/UCSanDiego/Resources/android/images/res-long-port-ldpi/default.png splash screen to /Users/AK/Documents/Titanium Studio Workspace/UCSanDiego/build/android/res/drawable-long-port-ldpi/background.png
[DEBUG] found drawable-notlong-land-hdpi splash screen at /Users/AK/Documents/Titanium Studio Workspace/UCSanDiego/Resources/android/images/res-notlong-land-hdpi/default.png
[DEBUG] copying /Users/AK/Documents/Titanium Studio Workspace/UCSanDiego/Resources/android/images/res-notlong-land-hdpi/default.png splash screen to /Users/AK/Documents/Titanium Studio Workspace/UCSanDiego/build/android/res/drawable-notlong-land-hdpi/background.png
[DEBUG] found drawable-notlong-land-ldpi splash screen at /Users/AK/Documents/Titanium Studio Workspace/UCSanDiego/Resources/android/images/res-notlong-land-ldpi/default.png
[DEBUG] copying /Users/AK/Documents/Titanium Studio Workspace/UCSanDiego/Resources/android/images/res-notlong-land-ldpi/default.png splash screen to /Users/AK/Documents/Titanium Studio Workspace/UCSanDiego/build/android/res/drawable-notlong-land-ldpi/background.png
[DEBUG] found drawable-notlong-land-mdpi splash screen at /Users/AK/Documents/Titanium Studio Workspace/UCSanDiego/Resources/android/images/res-notlong-land-mdpi/default.png
[DEBUG] copying /Users/AK/Documents/Titanium Studio Workspace/UCSanDiego/Resources/android/images/res-notlong-land-mdpi/default.png splash screen to /Users/AK/Documents/Titanium Studio Workspace/UCSanDiego/build/android/res/drawable-notlong-land-mdpi/background.png
[DEBUG] found drawable-notlong-port-hdpi splash screen at /Users/AK/Documents/Titanium Studio Workspace/UCSanDiego/Resources/android/images/res-notlong-port-hdpi/default.png
[DEBUG] copying /Users/AK/Documents/Titanium Studio Workspace/UCSanDiego/Resources/android/images/res-notlong-port-hdpi/default.png splash screen to /Users/AK/Documents/Titanium Studio Workspace/UCSanDiego/build/android/res/drawable-notlong-port-hdpi/background.png
[DEBUG] found drawable-notlong-port-ldpi splash screen at /Users/AK/Documents/Titanium Studio Workspace/UCSanDiego/Resources/android/images/res-notlong-port-ldpi/default.png
[DEBUG] copying /Users/AK/Documents/Titanium Studio Workspace/UCSanDiego/Resources/android/images/res-notlong-port-ldpi/default.png splash screen to /Users/AK/Documents/Titanium Studio Workspace/UCSanDiego/build/android/res/drawable-notlong-port-ldpi/background.png
[DEBUG] found drawable-notlong-port-mdpi splash screen at /Users/AK/Documents/Titanium Studio Workspace/UCSanDiego/Resources/android/images/res-notlong-port-mdpi/default.png
[DEBUG] copying /Users/AK/Documents/Titanium Studio Workspace/UCSanDiego/Resources/android/images/res-notlong-port-mdpi/default.png splash screen to /Users/AK/Documents/Titanium Studio Workspace/UCSanDiego/build/android/res/drawable-notlong-port-mdpi/background.png
[DEBUG] found splash screen at /Users/AK/Documents/Titanium Studio Workspace/UCSanDiego/build/android/bin/assets/Resources/default.png
[TRACE] Writing out AndroidManifest.xml
[DEBUG] adding /Users/AK/Documents/Titanium Studio Workspace/UCSanDiego/build/android/gen/edu/ucsd/ucsandiego/R.java to javac build list
[DEBUG] adding /Users/AK/Documents/Titanium Studio Workspace/UCSanDiego/build/android/gen/edu/ucsd/ucsandiego/UcsandiegoActivity.java to javac build list
[DEBUG] adding /Users/AK/Documents/Titanium Studio Workspace/UCSanDiego/build/android/gen/edu/ucsd/ucsandiego/UcsandiegoAppInfo.java to javac build list
[DEBUG] adding /Users/AK/Documents/Titanium Studio Workspace/UCSanDiego/build/android/gen/edu/ucsd/ucsandiego/UcsandiegoApplication.java to javac build list
[DEBUG] Building Java Sources: "/Users/AK/Documents/Titanium Studio Workspace/UCSanDiego/build/android/gen/edu/ucsd/ucsandiego/R.java" "/Users/AK/Documents/Titanium Studio Workspace/UCSanDiego/build/android/gen/edu/ucsd/ucsandiego/UcsandiegoActivity.java" "/Users/AK/Documents/Titanium Studio Workspace/UCSanDiego/build/android/gen/edu/ucsd/ucsandiego/UcsandiegoAppInfo.java" "/Users/AK/Documents/Titanium Studio Workspace/UCSanDiego/build/android/gen/edu/ucsd/ucsandiego/UcsandiegoApplication.java"
[INFO] Compiling Android Resources... This could take some time
[DEBUG] Android classes.dex built
[DEBUG] creating unsigned apk: /Users/AK/Documents/Titanium Studio Workspace/UCSanDiego/build/android/bin/app-unsigned.apk
[DEBUG] from resource zip => assets/Resources/appicon.png
[DEBUG] from resource zip => assets/Resources/default.png
[DEBUG] from resource zip => assets/Resources/icon_arrow_left.png
[DEBUG] from resource zip => assets/Resources/icon_arrow_right.png
[DEBUG] from resource zip => assets/Resources/icon_home.png
[DEBUG] from resource zip => assets/Resources/loading.html
[DEBUG] from resource zip => assets/Resources/test.png
[DEBUG] from resource zip => assets/tiapp.xml
[DEBUG] from resource zip => res/drawable/appicon.png
[DEBUG] from resource zip => res/drawable/background.png
[DEBUG] from resource zip => res/layout/titanium_tabgroup.xml
[DEBUG] from resource zip => AndroidManifest.xml
[DEBUG] from resource zip => resources.arsc
[DEBUG] from resource zip => res/drawable-hdpi/appicon_e5fbaffc57.png
[DEBUG] from resource zip => res/drawable-ldpi/appicon_e5fbaffc57.png
[DEBUG] from resource zip => res/drawable-mdpi/appicon_e5fbaffc57.png
[DEBUG] from resource zip => res/drawable-long-land-hdpi/background.png
[DEBUG] from resource zip => res/drawable-long-land-ldpi/background.png
[DEBUG] from resource zip => res/drawable-long-port-hdpi/background.png
[DEBUG] from resource zip => res/drawable-long-port-ldpi/background.png
[DEBUG] from resource zip => res/drawable-notlong-land-hdpi/background.png
[DEBUG] from resource zip => res/drawable-notlong-land-ldpi/background.png
[DEBUG] from resource zip => res/drawable-notlong-land-mdpi/background.png
[DEBUG] from resource zip => res/drawable-notlong-port-hdpi/background.png
[DEBUG] from resource zip => res/drawable-notlong-port-ldpi/background.png
[DEBUG] from resource zip => res/drawable-notlong-port-mdpi/background.png
[DEBUG] from JAR /Library/Application Support/Titanium/mobilesdk/osx/1.7.1/android/titanium.jar => org/apache/Commons-NOTICE.txt
[DEBUG] from JAR /Library/Application Support/Titanium/mobilesdk/osx/1.7.1/android/titanium.jar => org/apache/HttpComponents-NOTICE.txt
[DEBUG] from JAR /Library/Application Support/Titanium/mobilesdk/osx/1.7.1/android/titanium.jar => org/apache/mime4j-NOTICE.txt
[DEBUG] from JAR /Library/Application Support/Titanium/mobilesdk/osx/1.7.1/android/titanium.jar => org/appcelerator/titanium/build.properties
[DEBUG] from JAR /Library/Application Support/Titanium/mobilesdk/osx/1.7.1/android/titanium.jar => org/appcelerator/titanium/res/drawable/background.png
[DEBUG] from JAR /Library/Application Support/Titanium/mobilesdk/osx/1.7.1/android/titanium.jar => org/appcelerator/titanium/res/drawable/btn_check_buttonless_on.png
[DEBUG] from JAR /Library/Application Support/Titanium/mobilesdk/osx/1.7.1/android/titanium.jar => org/appcelerator/titanium/res/drawable/btn_check_buttonless_on_18.png
[DEBUG] from JAR /Library/Application Support/Titanium/mobilesdk/osx/1.7.1/android/titanium.jar => org/appcelerator/titanium/res/drawable/btn_check_buttonless_on_48.png
[DEBUG] from JAR /Library/Application Support/Titanium/mobilesdk/osx/1.7.1/android/titanium.jar => org/appcelerator/titanium/res/drawable/btn_more.png
[DEBUG] from JAR /Library/Application Support/Titanium/mobilesdk/osx/1.7.1/android/titanium.jar => org/appcelerator/titanium/res/drawable/btn_more_18.png
[DEBUG] from JAR /Library/Application Support/Titanium/mobilesdk/osx/1.7.1/android/titanium.jar => org/appcelerator/titanium/res/drawable/btn_more_48.png
[DEBUG] from JAR /Library/Application Support/Titanium/mobilesdk/osx/1.7.1/android/titanium.jar => org/appcelerator/titanium/res/drawable/btn_picker_normal.9.png
[DEBUG] from JAR /Library/Application Support/Titanium/mobilesdk/osx/1.7.1/android/titanium.jar => org/appcelerator/titanium/res/drawable/btn_picker_pressed.9.png
[DEBUG] from JAR /Library/Application Support/Titanium/mobilesdk/osx/1.7.1/android/titanium.jar => org/appcelerator/titanium/res/drawable/btn_picker_selected.9.png
[DEBUG] from JAR /Library/Application Support/Titanium/mobilesdk/osx/1.7.1/android/titanium.jar => org/appcelerator/titanium/res/drawable/default_icon.png
[DEBUG] from JAR /Library/Application Support/Titanium/mobilesdk/osx/1.7.1/android/titanium.jar => org/appcelerator/titanium/res/drawable/photoDefault.png
[DEBUG] from JAR /Library/Application Support/Titanium/mobilesdk/osx/1.7.1/android/modules/titanium-ui.jar => ti/modules/titanium/ui/widget/webview/binding.js
[DEBUG] from JAR /Library/Application Support/Titanium/mobilesdk/osx/1.7.1/android/modules/titanium-ui.jar => ti/modules/titanium/ui/widget/webview/binding.min.js
[DEBUG] from JAR /Library/Application Support/Titanium/mobilesdk/osx/1.7.1/android/modules/titanium-ui.jar => ti/modules/titanium/ui/widget/webview/json2.js
[DEBUG] from JAR /Library/Application Support/Titanium/mobilesdk/osx/1.7.1/android/smalljs.jar => org/mozilla/javascript/resources/Messages.properties
[DEBUG] from JAR /Library/Application Support/Titanium/mobilesdk/osx/1.7.1/android/smalljs.jar => org/mozilla/javascript/resources/Messages_fr.properties
